PLINK v1.90b3.31 64-bit (3 Feb 2016)
Options in effect:
  --keep-fam sample_list.txt
  --out Genotype_5_10000-15000
  --r2
  --snps-only no-DI
  --vcf Genotype_5_10000-15000.vcf

Hostname: Odin
Working directory: /home/nickb/Documents/GitHub/LDCalculator/LDExplorer
Start time: Tue Mar 15 15:58:26 2016

Random number seed: 1458010706
15489 MB RAM detected; reserving 7744 MB for main workspace.
--vcf: Genotype_5_10000-15000-temporary.bed +
Genotype_5_10000-15000-temporary.bim + Genotype_5_10000-15000-temporary.fam
written.
213 variants loaded from .bim file.
2504 people (0 males, 0 females, 2504 ambiguous) loaded from .fam.
Ambiguous sex IDs written to Genotype_5_10000-15000.nosex .
--keep-fam: 503 people remaining.
Using up to 4 threads (change this with --threads).
Before main variant filters, 503 founders and 0 nonfounders present.
Calculating allele frequencies... done.
Total genotyping rate in remaining samples is 0.999953.
213 variants and 503 people pass filters and QC.
Note: No phenotypes present.
--r2 to Genotype_5_10000-15000.ld ... done.

End time: Tue Mar 15 15:58:26 2016
